<?xml version="1.0" encoding="UTF-8"?>
<testng-results skipped="0" failed="0" total="1" passed="1">
  <reporter-output>
  </reporter-output>
  <suite name="Default suite" duration-ms="75" started-at="2012-02-16T12:55:12Z" finished-at="2012-02-16T12:55:12Z">
    <groups>
    </groups>
    <test name="Default test" duration-ms="75" started-at="2012-02-16T12:55:12Z" finished-at="2012-02-16T12:55:12Z">
      <class name="org.openstack.utils.Md5HashTest">
        <test-method status="PASS" signature="test()[pri:0, instance:org.openstack.utils.Md5HashTest@4732a704]" name="test" duration-ms="39" started-at="2012-02-16T12:55:12Z" finished-at="2012-02-16T12:55:12Z">
        </test-method> <!-- test -->
      </class> <!-- org.openstack.utils.Md5HashTest -->
    </test> <!-- Default test -->
  </suite> <!-- Default suite -->
</testng-results>
